#! /c/Source/iverilog-install/bin/vvp
:ivl_version "12.0 (devel)" "(s20150603-1539-g2693dd32b)";
:ivl_delay_selection "TYPICAL";
:vpi_time_precision + 0;
:vpi_module "C:\iverilog\lib\ivl\system.vpi";
:vpi_module "C:\iverilog\lib\ivl\vhdl_sys.vpi";
:vpi_module "C:\iverilog\lib\ivl\vhdl_textio.vpi";
:vpi_module "C:\iverilog\lib\ivl\v2005_math.vpi";
:vpi_module "C:\iverilog\lib\ivl\va_math.vpi";
S_000001dec8c05e20 .scope module, "tb" "tb" 2 1;
 .timescale 0 0;
v000001dec8c4b8c0_0 .net "q", 0 0, L_000001dec8bd2f70;  1 drivers
v000001dec8c4b960_0 .var "x", 0 0;
v000001dec8c4ba00_0 .var "y", 0 0;
v000001dec8c4baa0_0 .var "z", 0 0;
S_000001dec8c05fb0 .scope module, "uut" "a" 2 4, 3 1 0, S_000001dec8c05e20;
 .timescale 0 0;
    .port_info 0 /INPUT 1 "x";
    .port_info 1 /INPUT 1 "y";
    .port_info 2 /INPUT 1 "z";
    .port_info 3 /OUTPUT 1 "q";
L_000001dec8bb7db0 .functor AND 1, v000001dec8c4b960_0, L_000001dec8c4bb40, C4<1>, C4<1>;
L_000001dec8bd2b30 .functor AND 1, L_000001dec8c4bbe0, v000001dec8c4baa0_0, C4<1>, C4<1>;
L_000001dec8bd2f70 .functor OR 1, L_000001dec8bb7db0, L_000001dec8bd2b30, C4<0>, C4<0>;
v000001dec8bd2d50_0 .net *"_ivl_1", 0 0, L_000001dec8c4bb40;  1 drivers
v000001dec8bd28d0_0 .net *"_ivl_2", 0 0, L_000001dec8bb7db0;  1 drivers
v000001dec8bb7d10_0 .net *"_ivl_5", 0 0, L_000001dec8c4bbe0;  1 drivers
v000001dec8c06140_0 .net *"_ivl_6", 0 0, L_000001dec8bd2b30;  1 drivers
v000001dec8c061e0_0 .net "q", 0 0, L_000001dec8bd2f70;  alias, 1 drivers
v000001dec8bbae40_0 .net "x", 0 0, v000001dec8c4b960_0;  1 drivers
v000001dec8bbaee0_0 .net "y", 0 0, v000001dec8c4ba00_0;  1 drivers
v000001dec8c4b820_0 .net "z", 0 0, v000001dec8c4baa0_0;  1 drivers
L_000001dec8c4bb40 .reduce/nor v000001dec8c4ba00_0;
L_000001dec8c4bbe0 .reduce/nor v000001dec8c4ba00_0;
    .scope S_000001dec8c05e20;
T_0 ;
    %vpi_call 2 6 "$dumpfile", "wave.vcd" {0 0 0};
    %vpi_call 2 7 "$dumpvars", 32'sb00000000000000000000000000000000, S_000001dec8c05e20 {0 0 0};
    %pushi/vec4 1, 0, 1;
    %store/vec4 v000001dec8c4b960_0, 0, 1;
    %pushi/vec4 0, 0, 1;
    %store/vec4 v000001dec8c4ba00_0, 0, 1;
    %pushi/vec4 1, 0, 1;
    %store/vec4 v000001dec8c4baa0_0, 0, 1;
    %delay 1, 0;
    %vpi_call 2 9 "$finish" {0 0 0};
    %end;
    .thread T_0;
# The file index is used to find the file name in the following table.
:file_names 4;
    "N/A";
    "<interactive>";
    "atb.v";
    "a.v";
