#! /c/Source/iverilog-install/bin/vvp
:ivl_version "12.0 (devel)" "(s20150603-1539-g2693dd32b)";
:ivl_delay_selection "TYPICAL";
:vpi_time_precision + 0;
:vpi_module "C:\iverilog\lib\ivl\system.vpi";
:vpi_module "C:\iverilog\lib\ivl\vhdl_sys.vpi";
:vpi_module "C:\iverilog\lib\ivl\vhdl_textio.vpi";
:vpi_module "C:\iverilog\lib\ivl\v2005_math.vpi";
:vpi_module "C:\iverilog\lib\ivl\va_math.vpi";
S_00000283bf0aebc0 .scope module, "tb" "tb" 2 1;
 .timescale 0 0;
v00000283bf0aeee0_0 .var "clk", 0 0;
v00000283bf13b840_0 .net "count", 3 0, v00000283bf0c28d0_0;  1 drivers
S_00000283bf0aed50 .scope module, "uut" "counter" 2 4, 3 1 0, S_00000283bf0aebc0;
 .timescale 0 0;
    .port_info 0 /INPUT 1 "clk";
    .port_info 1 /OUTPUT 4 "count";
v00000283bf0c2b30_0 .net "clk", 0 0, v00000283bf0aeee0_0;  1 drivers
v00000283bf0c28d0_0 .var "count", 3 0;
E_00000283bf0ab4d0 .event posedge, v00000283bf0c2b30_0;
    .scope S_00000283bf0aed50;
T_0 ;
    %pushi/vec4 0, 0, 4;
    %store/vec4 v00000283bf0c28d0_0, 0, 4;
    %end;
    .thread T_0;
    .scope S_00000283bf0aed50;
T_1 ;
    %wait E_00000283bf0ab4d0;
    %load/vec4 v00000283bf0c28d0_0;
    %addi 1, 0, 4;
    %assign/vec4 v00000283bf0c28d0_0, 0;
    %jmp T_1;
    .thread T_1;
    .scope S_00000283bf0aebc0;
T_2 ;
    %pushi/vec4 0, 0, 1;
    %store/vec4 v00000283bf0aeee0_0, 0, 1;
    %end;
    .thread T_2;
    .scope S_00000283bf0aebc0;
T_3 ;
    %delay 5, 0;
    %load/vec4 v00000283bf0aeee0_0;
    %inv;
    %store/vec4 v00000283bf0aeee0_0, 0, 1;
    %jmp T_3;
    .thread T_3;
    .scope S_00000283bf0aebc0;
T_4 ;
    %vpi_call 2 8 "$dumpfile", "wave.vcd" {0 0 0};
    %vpi_call 2 9 "$dumpvars", 32'sb00000000000000000000000000000000, S_00000283bf0aebc0 {0 0 0};
    %delay 100, 0;
    %vpi_call 2 10 "$finish" {0 0 0};
    %end;
    .thread T_4;
# The file index is used to find the file name in the following table.
:file_names 4;
    "N/A";
    "<interactive>";
    "countertb.v";
    "counter.v";
