#! /c/Source/iverilog-install/bin/vvp
:ivl_version "12.0 (devel)" "(s20150603-1539-g2693dd32b)";
:ivl_delay_selection "TYPICAL";
:vpi_time_precision + 0;
:vpi_module "C:\iverilog\lib\ivl\system.vpi";
:vpi_module "C:\iverilog\lib\ivl\vhdl_sys.vpi";
:vpi_module "C:\iverilog\lib\ivl\vhdl_textio.vpi";
:vpi_module "C:\iverilog\lib\ivl\v2005_math.vpi";
:vpi_module "C:\iverilog\lib\ivl\va_math.vpi";
S_000001e24fd06150 .scope module, "tb" "tb" 2 1;
 .timescale 0 0;
v000001e24fd03b60_0 .var "clk", 0 0;
v000001e24fd044c0_0 .var "d", 0 0;
v000001e24fd04560_0 .net "q", 0 0, v000001e24fd04240_0;  1 drivers
S_000001e24fd062e0 .scope module, "uut" "dff" 2 5, 3 1 0, S_000001e24fd06150;
 .timescale 0 0;
    .port_info 0 /INPUT 1 "d";
    .port_info 1 /INPUT 1 "clk";
    .port_info 2 /OUTPUT 1 "q";
v000001e24fcd2d30_0 .net "clk", 0 0, v000001e24fd03b60_0;  1 drivers
v000001e24fd03c00_0 .net "d", 0 0, v000001e24fd044c0_0;  1 drivers
v000001e24fd04240_0 .var "q", 0 0;
E_000001e24fe3b7c0 .event posedge, v000001e24fcd2d30_0;
    .scope S_000001e24fd062e0;
T_0 ;
    %wait E_000001e24fe3b7c0;
    %load/vec4 v000001e24fd03c00_0;
    %assign/vec4 v000001e24fd04240_0, 0;
    %jmp T_0;
    .thread T_0;
    .scope S_000001e24fd06150;
T_1 ;
    %pushi/vec4 0, 0, 1;
    %store/vec4 v000001e24fd03b60_0, 0, 1;
    %end;
    .thread T_1;
    .scope S_000001e24fd06150;
T_2 ;
    %delay 5, 0;
    %load/vec4 v000001e24fd03b60_0;
    %inv;
    %store/vec4 v000001e24fd03b60_0, 0, 1;
    %jmp T_2;
    .thread T_2;
    .scope S_000001e24fd06150;
T_3 ;
    %vpi_call 2 8 "$dumpfile", "wave.vcd" {0 0 0};
    %vpi_call 2 9 "$dumpvars", 32'sb00000000000000000000000000000000, S_000001e24fd06150 {0 0 0};
    %pushi/vec4 0, 0, 1;
    %store/vec4 v000001e24fd044c0_0, 0, 1;
    %delay 10, 0;
    %pushi/vec4 1, 0, 1;
    %store/vec4 v000001e24fd044c0_0, 0, 1;
    %delay 10, 0;
    %pushi/vec4 0, 0, 1;
    %store/vec4 v000001e24fd044c0_0, 0, 1;
    %delay 10, 0;
    %pushi/vec4 1, 0, 1;
    %store/vec4 v000001e24fd044c0_0, 0, 1;
    %delay 10, 0;
    %pushi/vec4 0, 0, 1;
    %store/vec4 v000001e24fd044c0_0, 0, 1;
    %delay 20, 0;
    %vpi_call 2 16 "$finish" {0 0 0};
    %end;
    .thread T_3;
# The file index is used to find the file name in the following table.
:file_names 4;
    "N/A";
    "<interactive>";
    "dfftb.v";
    "dff.v";
