#! /c/Source/iverilog-install/bin/vvp
:ivl_version "12.0 (devel)" "(s20150603-1539-g2693dd32b)";
:ivl_delay_selection "TYPICAL";
:vpi_time_precision + 0;
:vpi_module "C:\iverilog\lib\ivl\system.vpi";
:vpi_module "C:\iverilog\lib\ivl\vhdl_sys.vpi";
:vpi_module "C:\iverilog\lib\ivl\vhdl_textio.vpi";
:vpi_module "C:\iverilog\lib\ivl\v2005_math.vpi";
:vpi_module "C:\iverilog\lib\ivl\va_math.vpi";
S_0000019b83f8ed80 .scope module, "tb" "tb" 2 1;
 .timescale 0 0;
v0000019b83fa2700_0 .var "in", 15 0;
v0000019b83fa27a0_0 .net "out", 3 0, v0000019b83fa2660_0;  1 drivers
S_0000019b83fa24d0 .scope module, "uut" "encoder" 2 4, 3 1 0, S_0000019b83f8ed80;
 .timescale 0 0;
    .port_info 0 /INPUT 16 "in";
    .port_info 1 /OUTPUT 4 "out";
v0000019b83fa2ca0_0 .var/i "i", 31 0;
v0000019b83f8ef10_0 .net "in", 15 0, v0000019b83fa2700_0;  1 drivers
v0000019b83fa2660_0 .var "out", 3 0;
E_0000019b83f8baa0 .event anyedge, v0000019b83f8ef10_0;
    .scope S_0000019b83fa24d0;
T_0 ;
    %wait E_0000019b83f8baa0;
    %pushi/vec4 0, 0, 4;
    %store/vec4 v0000019b83fa2660_0, 0, 4;
    %pushi/vec4 0, 0, 32;
    %store/vec4 v0000019b83fa2ca0_0, 0, 32;
T_0.0 ;
    %load/vec4 v0000019b83fa2ca0_0;
    %cmpi/s 16, 0, 32;
    %jmp/0xz T_0.1, 5;
    %load/vec4 v0000019b83f8ef10_0;
    %load/vec4 v0000019b83fa2ca0_0;
    %part/s 1;
    %flag_set/vec4 8;
    %jmp/0xz  T_0.2, 8;
    %load/vec4 v0000019b83fa2ca0_0;
    %pad/s 4;
    %store/vec4 v0000019b83fa2660_0, 0, 4;
T_0.2 ;
    %load/vec4 v0000019b83fa2ca0_0;
    %addi 1, 0, 32;
    %store/vec4 v0000019b83fa2ca0_0, 0, 32;
    %jmp T_0.0;
T_0.1 ;
    %jmp T_0;
    .thread T_0, $push;
    .scope S_0000019b83f8ed80;
T_1 ;
    %vpi_call 2 6 "$dumpfile", "wave.vcd" {0 0 0};
    %vpi_call 2 7 "$dumpvars", 32'sb00000000000000000000000000000000, S_0000019b83f8ed80 {0 0 0};
    %pushi/vec4 8, 0, 16;
    %store/vec4 v0000019b83fa2700_0, 0, 16;
    %delay 10, 0;
    %vpi_call 2 9 "$finish" {0 0 0};
    %end;
    .thread T_1;
# The file index is used to find the file name in the following table.
:file_names 4;
    "N/A";
    "<interactive>";
    "encodertb.v";
    "encoder.v";
