#! /c/Source/iverilog-install/bin/vvp
:ivl_version "12.0 (devel)" "(s20150603-1539-g2693dd32b)";
:ivl_delay_selection "TYPICAL";
:vpi_time_precision + 0;
:vpi_module "C:\iverilog\lib\ivl\system.vpi";
:vpi_module "C:\iverilog\lib\ivl\vhdl_sys.vpi";
:vpi_module "C:\iverilog\lib\ivl\vhdl_textio.vpi";
:vpi_module "C:\iverilog\lib\ivl\v2005_math.vpi";
:vpi_module "C:\iverilog\lib\ivl\va_math.vpi";
S_000001d4cf6a66c0 .scope module, "tb" "tb" 2 1;
 .timescale 0 0;
v000001d4cf6a4100_0 .var "a", 0 0;
v000001d4cf6a41a0_0 .var "b", 0 0;
v000001d4cf6a3b60_0 .var "cin", 0 0;
o000001d4cf6a8138 .functor BUFZ 1, C4<z>; HiZ drive
v000001d4cf6a4420_0 .net "cout", 0 0, o000001d4cf6a8138;  0 drivers
v000001d4cf6a3980_0 .net "sum", 0 0, L_000001d4cf6a4ae0;  1 drivers
S_000001d4cf6a6850 .scope module, "uut" "fulladder" 2 4, 3 1 0, S_000001d4cf6a66c0;
 .timescale 0 0;
    .port_info 0 /INPUT 1 "a";
    .port_info 1 /INPUT 1 "b";
    .port_info 2 /INPUT 1 "cin";
    .port_info 3 /OUTPUT 1 "sum";
    .port_info 4 /OUTPUT 1 "counter";
L_000001d4cf6a4f40 .functor XOR 1, v000001d4cf6a4100_0, v000001d4cf6a41a0_0, C4<0>, C4<0>;
L_000001d4cf6a4ae0 .functor XOR 1, L_000001d4cf6a4f40, v000001d4cf6a3b60_0, C4<0>, C4<0>;
L_000001d4cf6a4fb0 .functor AND 1, v000001d4cf6a4100_0, v000001d4cf6a41a0_0, C4<1>, C4<1>;
L_000001d4cf6a4a00 .functor AND 1, v000001d4cf6a41a0_0, v000001d4cf6a3b60_0, C4<1>, C4<1>;
L_000001d4cf6a4d80 .functor OR 1, L_000001d4cf6a4fb0, L_000001d4cf6a4a00, C4<0>, C4<0>;
L_000001d4cf6a4e60 .functor AND 1, v000001d4cf6a3b60_0, v000001d4cf6a4100_0, C4<1>, C4<1>;
L_000001d4cf6a4ed0 .functor OR 1, L_000001d4cf6a4d80, L_000001d4cf6a4e60, C4<0>, C4<0>;
v000001d4cf672d50_0 .net *"_ivl_0", 0 0, L_000001d4cf6a4f40;  1 drivers
v000001d4cf6728d0_0 .net *"_ivl_10", 0 0, L_000001d4cf6a4e60;  1 drivers
v000001d4cf77af40_0 .net *"_ivl_4", 0 0, L_000001d4cf6a4fb0;  1 drivers
v000001d4cf77ad20_0 .net *"_ivl_6", 0 0, L_000001d4cf6a4a00;  1 drivers
v000001d4cf778c60_0 .net *"_ivl_8", 0 0, L_000001d4cf6a4d80;  1 drivers
v000001d4cf6a69e0_0 .net "a", 0 0, v000001d4cf6a4100_0;  1 drivers
v000001d4cf6a6a80_0 .net "b", 0 0, v000001d4cf6a41a0_0;  1 drivers
v000001d4cf6a3750_0 .net "cin", 0 0, v000001d4cf6a3b60_0;  1 drivers
v000001d4cf6a37f0_0 .net "counter", 0 0, o000001d4cf6a8138;  alias, 0 drivers
v000001d4cf6a3890_0 .net "cout", 0 0, L_000001d4cf6a4ed0;  1 drivers
v000001d4cf6a42e0_0 .net "sum", 0 0, L_000001d4cf6a4ae0;  alias, 1 drivers
    .scope S_000001d4cf6a66c0;
T_0 ;
    %vpi_call 2 6 "$dumpfile", "wave.vcd" {0 0 0};
    %vpi_call 2 7 "$dumpvars", 32'sb00000000000000000000000000000000, S_000001d4cf6a66c0 {0 0 0};
    %pushi/vec4 0, 0, 1;
    %store/vec4 v000001d4cf6a4100_0, 0, 1;
    %pushi/vec4 0, 0, 1;
    %store/vec4 v000001d4cf6a41a0_0, 0, 1;
    %pushi/vec4 0, 0, 1;
    %store/vec4 v000001d4cf6a3b60_0, 0, 1;
    %delay 10, 0;
    %pushi/vec4 1, 0, 1;
    %store/vec4 v000001d4cf6a3b60_0, 0, 1;
    %delay 10, 0;
    %pushi/vec4 1, 0, 1;
    %store/vec4 v000001d4cf6a41a0_0, 0, 1;
    %pushi/vec4 0, 0, 1;
    %store/vec4 v000001d4cf6a3b60_0, 0, 1;
    %delay 10, 0;
    %pushi/vec4 1, 0, 1;
    %store/vec4 v000001d4cf6a3b60_0, 0, 1;
    %delay 10, 0;
    %pushi/vec4 1, 0, 1;
    %store/vec4 v000001d4cf6a4100_0, 0, 1;
    %pushi/vec4 0, 0, 1;
    %store/vec4 v000001d4cf6a41a0_0, 0, 1;
    %pushi/vec4 0, 0, 1;
    %store/vec4 v000001d4cf6a3b60_0, 0, 1;
    %delay 10, 0;
    %pushi/vec4 1, 0, 1;
    %store/vec4 v000001d4cf6a3b60_0, 0, 1;
    %delay 10, 0;
    %pushi/vec4 1, 0, 1;
    %store/vec4 v000001d4cf6a41a0_0, 0, 1;
    %pushi/vec4 0, 0, 1;
    %store/vec4 v000001d4cf6a3b60_0, 0, 1;
    %delay 10, 0;
    %pushi/vec4 1, 0, 1;
    %store/vec4 v000001d4cf6a3b60_0, 0, 1;
    %delay 10, 0;
    %vpi_call 2 16 "$finish" {0 0 0};
    %end;
    .thread T_0;
# The file index is used to find the file name in the following table.
:file_names 4;
    "N/A";
    "<interactive>";
    "fulladdertb.v";
    "fulladder.v";
