#! /c/Source/iverilog-install/bin/vvp
:ivl_version "12.0 (devel)" "(s20150603-1539-g2693dd32b)";
:ivl_delay_selection "TYPICAL";
:vpi_time_precision + 0;
:vpi_module "C:\iverilog\lib\ivl\system.vpi";
:vpi_module "C:\iverilog\lib\ivl\vhdl_sys.vpi";
:vpi_module "C:\iverilog\lib\ivl\vhdl_textio.vpi";
:vpi_module "C:\iverilog\lib\ivl\v2005_math.vpi";
:vpi_module "C:\iverilog\lib\ivl\va_math.vpi";
S_00000215057f62b0 .scope module, "tb" "tb" 2 1;
 .timescale 0 0;
v00000215057f65d0_0 .var "a", 0 0;
v00000215057f6670_0 .var "b", 0 0;
v000002150596acc0_0 .net "carry", 0 0, L_0000021505967480;  1 drivers
v000002150596ad60_0 .net "sum", 0 0, L_000002150596ece0;  1 drivers
S_00000215057f6440 .scope module, "uut" "halfadder" 2 4, 3 1 0, S_00000215057f62b0;
 .timescale 0 0;
    .port_info 0 /INPUT 1 "a";
    .port_info 1 /INPUT 1 "b";
    .port_info 2 /OUTPUT 1 "sum";
    .port_info 3 /OUTPUT 1 "carry";
L_000002150596ece0 .functor XOR 1, v00000215057f65d0_0, v00000215057f6670_0, C4<0>, C4<0>;
L_0000021505967480 .functor AND 1, v00000215057f65d0_0, v00000215057f6670_0, C4<1>, C4<1>;
v00000215057c2d50_0 .net "a", 0 0, v00000215057f65d0_0;  1 drivers
v00000215057c28d0_0 .net "b", 0 0, v00000215057f6670_0;  1 drivers
v00000215059673e0_0 .net "carry", 0 0, L_0000021505967480;  alias, 1 drivers
v000002150596ec40_0 .net "sum", 0 0, L_000002150596ece0;  alias, 1 drivers
    .scope S_00000215057f62b0;
T_0 ;
    %vpi_call 2 6 "$dumpfile", "wave.vcd" {0 0 0};
    %vpi_call 2 7 "$dumpvars", 32'sb00000000000000000000000000000000, S_00000215057f62b0 {0 0 0};
    %pushi/vec4 0, 0, 1;
    %store/vec4 v00000215057f65d0_0, 0, 1;
    %pushi/vec4 0, 0, 1;
    %store/vec4 v00000215057f6670_0, 0, 1;
    %delay 10, 0;
    %pushi/vec4 1, 0, 1;
    %store/vec4 v00000215057f65d0_0, 0, 1;
    %pushi/vec4 0, 0, 1;
    %store/vec4 v00000215057f6670_0, 0, 1;
    %delay 10, 0;
    %pushi/vec4 0, 0, 1;
    %store/vec4 v00000215057f65d0_0, 0, 1;
    %pushi/vec4 1, 0, 1;
    %store/vec4 v00000215057f6670_0, 0, 1;
    %delay 10, 0;
    %pushi/vec4 1, 0, 1;
    %store/vec4 v00000215057f65d0_0, 0, 1;
    %pushi/vec4 1, 0, 1;
    %store/vec4 v00000215057f6670_0, 0, 1;
    %delay 10, 0;
    %vpi_call 2 13 "$finish" {0 0 0};
    %end;
    .thread T_0;
# The file index is used to find the file name in the following table.
:file_names 4;
    "N/A";
    "<interactive>";
    "halfaddertb.v";
    "halfadder.v";
