#! /c/Source/iverilog-install/bin/vvp
:ivl_version "12.0 (devel)" "(s20150603-1539-g2693dd32b)";
:ivl_delay_selection "TYPICAL";
:vpi_time_precision + 0;
:vpi_module "C:\iverilog\lib\ivl\system.vpi";
:vpi_module "C:\iverilog\lib\ivl\vhdl_sys.vpi";
:vpi_module "C:\iverilog\lib\ivl\vhdl_textio.vpi";
:vpi_module "C:\iverilog\lib\ivl\v2005_math.vpi";
:vpi_module "C:\iverilog\lib\ivl\va_math.vpi";
S_00000178bcf3cea0 .scope module, "tb" "tb" 2 1;
 .timescale 0 0;
v00000178bcf3d1c0_0 .var "a", 7 0;
v00000178bcf3d260_0 .var "sel", 2 0;
v00000178bcf3b780_0 .net "y", 0 0, v00000178bcde3030_0;  1 drivers
S_00000178bcf3d030 .scope module, "uut" "muxlong" 2 5, 3 1 0, S_00000178bcf3cea0;
 .timescale 0 0;
    .port_info 0 /INPUT 8 "a";
    .port_info 1 /INPUT 3 "sel";
    .port_info 2 /OUTPUT 1 "y";
v00000178bcde2ca0_0 .net "a", 7 0, v00000178bcf3d1c0_0;  1 drivers
v00000178bcde28d0_0 .net "sel", 2 0, v00000178bcf3d260_0;  1 drivers
v00000178bcde3030_0 .var "y", 0 0;
E_00000178bcf3ab10 .event anyedge, v00000178bcde28d0_0, v00000178bcde2ca0_0;
    .scope S_00000178bcf3d030;
T_0 ;
    %wait E_00000178bcf3ab10;
    %load/vec4 v00000178bcde28d0_0;
    %dup/vec4;
    %pushi/vec4 0, 0, 3;
    %cmp/u;
    %jmp/1 T_0.0, 6;
    %dup/vec4;
    %pushi/vec4 1, 0, 3;
    %cmp/u;
    %jmp/1 T_0.1, 6;
    %dup/vec4;
    %pushi/vec4 2, 0, 3;
    %cmp/u;
    %jmp/1 T_0.2, 6;
    %dup/vec4;
    %pushi/vec4 3, 0, 3;
    %cmp/u;
    %jmp/1 T_0.3, 6;
    %dup/vec4;
    %pushi/vec4 4, 0, 3;
    %cmp/u;
    %jmp/1 T_0.4, 6;
    %dup/vec4;
    %pushi/vec4 5, 0, 3;
    %cmp/u;
    %jmp/1 T_0.5, 6;
    %dup/vec4;
    %pushi/vec4 6, 0, 3;
    %cmp/u;
    %jmp/1 T_0.6, 6;
    %dup/vec4;
    %pushi/vec4 7, 0, 3;
    %cmp/u;
    %jmp/1 T_0.7, 6;
    %jmp T_0.8;
T_0.0 ;
    %load/vec4 v00000178bcde2ca0_0;
    %parti/s 1, 0, 2;
    %store/vec4 v00000178bcde3030_0, 0, 1;
    %jmp T_0.8;
T_0.1 ;
    %load/vec4 v00000178bcde2ca0_0;
    %parti/s 1, 1, 2;
    %store/vec4 v00000178bcde3030_0, 0, 1;
    %jmp T_0.8;
T_0.2 ;
    %load/vec4 v00000178bcde2ca0_0;
    %parti/s 1, 2, 3;
    %store/vec4 v00000178bcde3030_0, 0, 1;
    %jmp T_0.8;
T_0.3 ;
    %load/vec4 v00000178bcde2ca0_0;
    %parti/s 1, 3, 3;
    %store/vec4 v00000178bcde3030_0, 0, 1;
    %jmp T_0.8;
T_0.4 ;
    %load/vec4 v00000178bcde2ca0_0;
    %parti/s 1, 4, 4;
    %store/vec4 v00000178bcde3030_0, 0, 1;
    %jmp T_0.8;
T_0.5 ;
    %load/vec4 v00000178bcde2ca0_0;
    %parti/s 1, 5, 4;
    %store/vec4 v00000178bcde3030_0, 0, 1;
    %jmp T_0.8;
T_0.6 ;
    %load/vec4 v00000178bcde2ca0_0;
    %parti/s 1, 6, 4;
    %store/vec4 v00000178bcde3030_0, 0, 1;
    %jmp T_0.8;
T_0.7 ;
    %load/vec4 v00000178bcde2ca0_0;
    %parti/s 1, 7, 4;
    %store/vec4 v00000178bcde3030_0, 0, 1;
    %jmp T_0.8;
T_0.8 ;
    %pop/vec4 1;
    %jmp T_0;
    .thread T_0, $push;
    .scope S_00000178bcf3cea0;
T_1 ;
    %vpi_call 2 7 "$dumpfile", "wave.vcd" {0 0 0};
    %vpi_call 2 8 "$dumpvars", 32'sb00000000000000000000000000000000, S_00000178bcf3cea0 {0 0 0};
    %pushi/vec4 174, 0, 8;
    %store/vec4 v00000178bcf3d1c0_0, 0, 8;
    %pushi/vec4 5, 0, 3;
    %store/vec4 v00000178bcf3d260_0, 0, 3;
    %delay 1, 0;
    %vpi_call 2 11 "$finish" {0 0 0};
    %end;
    .thread T_1;
# The file index is used to find the file name in the following table.
:file_names 4;
    "N/A";
    "<interactive>";
    "muxlongtb.v";
    "muxlong.v";
