#! /c/Source/iverilog-install/bin/vvp
:ivl_version "12.0 (devel)" "(s20150603-1539-g2693dd32b)";
:ivl_delay_selection "TYPICAL";
:vpi_time_precision + 0;
:vpi_module "C:\iverilog\lib\ivl\system.vpi";
:vpi_module "C:\iverilog\lib\ivl\vhdl_sys.vpi";
:vpi_module "C:\iverilog\lib\ivl\vhdl_textio.vpi";
:vpi_module "C:\iverilog\lib\ivl\v2005_math.vpi";
:vpi_module "C:\iverilog\lib\ivl\va_math.vpi";
S_000001f315446550 .scope module, "tb" "tb" 2 1;
 .timescale 0 0;
v000001f315446910_0 .var "clk", 0 0;
v000001f3153fad10_0 .var "duty", 7 0;
v000001f3153fadb0_0 .net "pwmout", 0 0, L_000001f3153fae50;  1 drivers
S_000001f3154466e0 .scope module, "uut" "pwmlong" 2 7, 3 1 0, S_000001f315446550;
 .timescale 0 0;
    .port_info 0 /INPUT 1 "clk";
    .port_info 1 /INPUT 8 "duty";
    .port_info 2 /OUTPUT 1 "pwmout";
v000001f315412b10_0 .net "clk", 0 0, v000001f315446910_0;  1 drivers
v000001f315412ea0_0 .var "counter", 7 0;
v000001f3153fed50_0 .net "duty", 7 0, v000001f3153fad10_0;  1 drivers
v000001f315446870_0 .net "pwmout", 0 0, L_000001f3153fae50;  alias, 1 drivers
E_000001f3153fbcb0 .event posedge, v000001f315412b10_0;
L_000001f3153fae50 .cmp/gt 8, v000001f3153fad10_0, v000001f315412ea0_0;
    .scope S_000001f3154466e0;
T_0 ;
    %pushi/vec4 0, 0, 8;
    %store/vec4 v000001f315412ea0_0, 0, 8;
    %end;
    .thread T_0;
    .scope S_000001f3154466e0;
T_1 ;
    %wait E_000001f3153fbcb0;
    %load/vec4 v000001f315412ea0_0;
    %addi 1, 0, 8;
    %assign/vec4 v000001f315412ea0_0, 0;
    %jmp T_1;
    .thread T_1;
    .scope S_000001f315446550;
T_2 ;
    %pushi/vec4 0, 0, 1;
    %store/vec4 v000001f315446910_0, 0, 1;
    %end;
    .thread T_2;
    .scope S_000001f315446550;
T_3 ;
    %delay 1, 0;
    %load/vec4 v000001f315446910_0;
    %inv;
    %store/vec4 v000001f315446910_0, 0, 1;
    %jmp T_3;
    .thread T_3;
    .scope S_000001f315446550;
T_4 ;
    %vpi_call 2 13 "$dumpfile", "wave.vcd" {0 0 0};
    %vpi_call 2 14 "$dumpvars", 32'sb00000000000000000000000000000000 {0 0 0};
    %pushi/vec4 128, 0, 8;
    %store/vec4 v000001f3153fad10_0, 0, 8;
    %delay 90, 0;
    %pushi/vec4 64, 0, 8;
    %store/vec4 v000001f3153fad10_0, 0, 8;
    %delay 90, 0;
    %vpi_call 2 22 "$finish" {0 0 0};
    %end;
    .thread T_4;
# The file index is used to find the file name in the following table.
:file_names 4;
    "N/A";
    "<interactive>";
    "pwmlongtb.v";
    "pwmlong.v";
