#! /c/Source/iverilog-install/bin/vvp
:ivl_version "12.0 (devel)" "(s20150603-1539-g2693dd32b)";
:ivl_delay_selection "TYPICAL";
:vpi_time_precision + 0;
:vpi_module "C:\iverilog\lib\ivl\system.vpi";
:vpi_module "C:\iverilog\lib\ivl\vhdl_sys.vpi";
:vpi_module "C:\iverilog\lib\ivl\vhdl_textio.vpi";
:vpi_module "C:\iverilog\lib\ivl\v2005_math.vpi";
:vpi_module "C:\iverilog\lib\ivl\va_math.vpi";
S_00000161b545c8f0 .scope module, "tb" "tb" 2 1;
 .timescale 0 0;
v00000161b56844c0_0 .var "clk", 0 0;
v00000161b5684560_0 .var "d", 3 0;
v00000161b5684600_0 .var "left", 0 0;
v00000161b56846a0_0 .var "mode", 1 0;
v00000161b5684740_0 .net "q", 3 0, v00000161b545ccb0_0;  1 drivers
v00000161b56cd830_0 .var "right", 0 0;
S_00000161b545ca80 .scope module, "uut" "shift" 2 7, 3 1 0, S_00000161b545c8f0;
 .timescale 0 0;
    .port_info 0 /INPUT 1 "clk";
    .port_info 1 /INPUT 2 "mode";
    .port_info 2 /INPUT 1 "left";
    .port_info 3 /INPUT 1 "right";
    .port_info 4 /INPUT 4 "d";
    .port_info 5 /OUTPUT 4 "q";
v00000161b5652b50_0 .net "clk", 0 0, v00000161b56844c0_0;  1 drivers
v00000161b545bd40_0 .net "d", 3 0, v00000161b5684560_0;  1 drivers
v00000161b5676230_0 .net "left", 0 0, v00000161b5684600_0;  1 drivers
v00000161b545cc10_0 .net "mode", 1 0, v00000161b56846a0_0;  1 drivers
v00000161b545ccb0_0 .var "q", 3 0;
v00000161b5684420_0 .net "right", 0 0, v00000161b56cd830_0;  1 drivers
E_00000161b5459db0 .event posedge, v00000161b5652b50_0;
    .scope S_00000161b545ca80;
T_0 ;
    %wait E_00000161b5459db0;
    %load/vec4 v00000161b545cc10_0;
    %dup/vec4;
    %pushi/vec4 0, 0, 2;
    %cmp/u;
    %jmp/1 T_0.0, 6;
    %dup/vec4;
    %pushi/vec4 1, 0, 2;
    %cmp/u;
    %jmp/1 T_0.1, 6;
    %dup/vec4;
    %pushi/vec4 2, 0, 2;
    %cmp/u;
    %jmp/1 T_0.2, 6;
    %dup/vec4;
    %pushi/vec4 3, 0, 2;
    %cmp/u;
    %jmp/1 T_0.3, 6;
    %jmp T_0.4;
T_0.0 ;
    %load/vec4 v00000161b545ccb0_0;
    %assign/vec4 v00000161b545ccb0_0, 0;
    %jmp T_0.4;
T_0.1 ;
    %load/vec4 v00000161b5684420_0;
    %load/vec4 v00000161b545ccb0_0;
    %parti/s 3, 1, 2;
    %concat/vec4; draw_concat_vec4
    %assign/vec4 v00000161b545ccb0_0, 0;
    %jmp T_0.4;
T_0.2 ;
    %load/vec4 v00000161b545ccb0_0;
    %parti/s 3, 0, 2;
    %load/vec4 v00000161b5676230_0;
    %concat/vec4; draw_concat_vec4
    %assign/vec4 v00000161b545ccb0_0, 0;
    %jmp T_0.4;
T_0.3 ;
    %load/vec4 v00000161b545bd40_0;
    %assign/vec4 v00000161b545ccb0_0, 0;
    %jmp T_0.4;
T_0.4 ;
    %pop/vec4 1;
    %jmp T_0;
    .thread T_0;
    .scope S_00000161b545c8f0;
T_1 ;
    %delay 5, 0;
    %load/vec4 v00000161b56844c0_0;
    %inv;
    %store/vec4 v00000161b56844c0_0, 0, 1;
    %jmp T_1;
    .thread T_1;
    .scope S_00000161b545c8f0;
T_2 ;
    %pushi/vec4 0, 0, 1;
    %store/vec4 v00000161b56844c0_0, 0, 1;
    %vpi_call 2 11 "$dumpfile", "wave.vcd" {0 0 0};
    %vpi_call 2 12 "$dumpvars", 32'sb00000000000000000000000000000000, S_00000161b545c8f0 {0 0 0};
    %pushi/vec4 3, 0, 2;
    %store/vec4 v00000161b56846a0_0, 0, 2;
    %pushi/vec4 10, 0, 4;
    %store/vec4 v00000161b5684560_0, 0, 4;
    %delay 10, 0;
    %pushi/vec4 1, 0, 2;
    %store/vec4 v00000161b56846a0_0, 0, 2;
    %pushi/vec4 1, 0, 1;
    %store/vec4 v00000161b56cd830_0, 0, 1;
    %delay 20, 0;
    %vpi_call 2 19 "$finish" {0 0 0};
    %end;
    .thread T_2;
# The file index is used to find the file name in the following table.
:file_names 4;
    "N/A";
    "<interactive>";
    "shifttb.v";
    "shift.v";
